0 verbose cli /usr/local/bin/node /usr/local/bin/npm
1 info using npm@11.13.0
2 info using node@v24.16.0
3 silly config load:file:/usr/local/lib/node_modules/npm/npmrc
4 silly config load:file:/app/.npmrc
5 silly config load:file:/usr/local/etc/npmrc
6 verbose title npm run build
7 verbose argv "run" "build"
8 verbose logfile logs-max:10 dir:/app/.npm/_logs/2026-06-18T21_53_06_446Z-
9 verbose logfile /app/.npm/_logs/2026-06-18T21_53_06_446Z-debug-0.log
10 silly logfile done cleaning log files
11 http fetch GET 200 https://registry.npmjs.org/npm 455ms
12 verbose cwd /app
13 verbose os Linux 6.18.33.1-microsoft-standard-WSL2
14 verbose node v24.16.0
15 verbose npm  v11.13.0
16 notice
16 notice New minor version of npm available! 11.13.0 -> 11.17.0
16 notice Changelog: https://github.com/npm/cli/releases/tag/v11.17.0
16 notice To update run: npm install -g npm@11.17.0
16 notice  { force: true, Symbol(proc-log.meta): true }
17 verbose exit 0
18 info ok
